<!DOCTYPE html>
<html>
  <head>
    <meta charset="utf-8" />
    <meta name="viewport" content="width=device-width">
    <title>Building external library errors</title>
    <link rel="stylesheet" href="../../../archived.css" />
    <script type="text/x-mathjax-config">
      MathJax.Hub.Config({tex2jax: {inlineMath: [['$','$'], ['\\\\(','\\\\)']]}});
    </script>
    <script type="text/javascript" async
      src="https://cdnjs.cloudflare.com/ajax/libs/mathjax/2.7.1/MathJax.js?config=TeX-MML-AM_CHTML">
    </script>
  </head>

  <body>
    <header class="header">
      <div class="title-span">
        <a href="../../../">
          <img src="../../../images/site-logo.png" height="40" alt="Urho3D" id="site-logo" />
        </a>
      </div>
    </header>

    <div class="main">
    <div class="archive-span">Archive 17/01/2023.</div>
    <h1 class="topic-title">Building external library errors</h1>
            <div class="post_container">
        <div class="avatar_container">
          <img src="../../../images/81_2.png" class="avatar" />
        </div>
        <div class="post">
          <div class="user_name">Enhex</div>
          <div class="post_content">
<p>I’m using Windows 7, 64 bit, VS2015.</p>
<p>Using HEAD, I’m getting some sort of mismatch between release and debug in some test thing.<br/>
I’m getting the following error when trying to configure the CMake project:</p>
<pre><code class="lang-auto">CMake Error at CMake/Modules/FindUrho3D.cmake:317 (message):
  Could NOT find compatible Urho3D library in Urho3D SDK installation or
  build tree.  Use URHO3D_HOME environment variable or build option to
  specify the location of the non-default SDK installation or build tree.

...

Urho3D.lib(LibraryInfo.obj) : error LNK2038: mismatch detected for '_ITERATOR_DEBUG_LEVEL': value '0' doesn't match value '2' in CheckUrho3DLibrary.obj
Urho3D.lib(LibraryInfo.obj) : error LNK2038: mismatch detected for 'RuntimeLibrary': value 'MD_DynamicRelease' doesn't match value 'MDd_DynamicDebug' in CheckUrho3DLibrary.obj
Urho3D.lib(Precompiled.obj) : error LNK2038: mismatch detected for '_ITERATOR_DEBUG_LEVEL': value '0' doesn't match value '2' in CheckUrho3DLibrary.obj
Urho3D.lib(Precompiled.obj) : error LNK2038: mismatch detected for 'RuntimeLibrary': value 'MD_DynamicRelease' doesn't match value 'MDd_DynamicDebug' in CheckUrho3DLibrary.obj</code></pre>
<p>In my Urho build bin folder, if I rename “Urho3D.lib” to something else, it seems to find “Urho3D_d.lib” and configures without errors, but then it doesn’t find “Urho3D.lib”.<br/>
If I generate with “URHO3D_LIBRARIES-NOTFOUND” it would use “Urho3D_d.lib” in release.</p>
          </div>
        </div>
      </div>

      <div class="post_container">
        <div class="avatar_container">
          <img src="../../../images/4_2.png" class="avatar" />
        </div>
        <div class="post">
          <div class="user_name">weitjong</div>
          <div class="post_content">
<p>Thanks for reporting this. There is a configuration error for try_run() command for WIN32 platform. The fix will be committed shortly.</p>
          </div>
        </div>
      </div>

      <div class="post_container">
        <div class="avatar_container">
          <img src="../../../images/81_2.png" class="avatar" />
        </div>
        <div class="post">
          <div class="user_name">Enhex</div>
          <div class="post_content">
<p>I tested it again. Now configuration works but generation gives the following error:</p>
<pre><code class="lang-auto"></code></pre>
<p>“MyExecutableName” is the placeholder from <a href="http://urho3d.github.io/documentation/HEAD/_using_library.html" rel="nofollow noopener">urho3d.github.io/documentation/H … brary.html</a></p>
          </div>
        </div>
      </div>

      <div class="post_container">
        <div class="avatar_container">
          <img src="../../../images/4_2.png" class="avatar" />
        </div>
        <div class="post">
          <div class="user_name">weitjong</div>
          <div class="post_content">
<p>I am not able to reproduce your error this time. I use the following to test (I hope I didn’t miss any instructions): “set build_tree=native-Build &amp;&amp; rake cmake vs2015 URHO3D_64BIT=1 &amp;&amp; rake make” to build the lib and then on the same terminal session: “rake scaffolding dir=test &amp;&amp; cd test &amp;&amp; rake cmake vs2015 URHO3D_64BIT=1 URHO3D_HOME=…/…/native-Build &amp;&amp; rake make”. I have tried with Debug build configuration and Release build configuration and also with both Debug + Release libs available in the URHO3D_HOME.</p>
          </div>
        </div>
      </div>

      <div class="post_container">
        <div class="avatar_container">
          <img src="../../../images/81_2.png" class="avatar" />
        </div>
        <div class="post">
          <div class="user_name">Enhex</div>
          <div class="post_content">
<p>Ah it was my error, I accidentally deleted the CMakeLists.txt file when cleaning up for a new build and forgot to set my source files folder when making a new one.</p>
          </div>
        </div>
      </div>


    </div>
  </body>
</html>