<!DOCTYPE html>
<html>
  <head>
    <meta charset="utf-8" />
    <meta name="viewport" content="width=device-width">
    <title>Can&rsquo;t build Urho3D as library</title>
    <link rel="stylesheet" href="../../../archived.css" />
    <script type="text/x-mathjax-config">
      MathJax.Hub.Config({tex2jax: {inlineMath: [['$','$'], ['\\\\(','\\\\)']]}});
    </script>
    <script type="text/javascript" async
      src="https://cdnjs.cloudflare.com/ajax/libs/mathjax/2.7.1/MathJax.js?config=TeX-MML-AM_CHTML">
    </script>
  </head>

  <body>
    <header class="header">
      <div class="title-span">
        <a href="../../../">
          <img src="../../../images/site-logo.png" height="40" alt="Urho3D" id="site-logo" />
        </a>
      </div>
    </header>

    <div class="main">
    <div class="archive-span">Archive 17/01/2023.</div>
    <h1 class="topic-title">Can&rsquo;t build Urho3D as library</h1>
            <div class="post_container">
        <div class="avatar_container">
          <img src="../../../images/902_2.png" class="avatar" />
        </div>
        <div class="post">
          <div class="user_name">Eugene</div>
          <div class="post_content">
<p>I am trying to follow this tutorial.<br/>
<a href="http://urho3d.github.io/documentation/HEAD/_using_library.html" rel="nofollow noopener">urho3d.github.io/documentation/H … brary.html</a></p>
<p>and I am getting the following error:</p>
<p><code>CMake Error at CMake/Modules/FindUrho3D.cmake:356 (message):
  Could NOT find compatible Urho3D library in Urho3D SDK installation or
  build tree.  Use URHO3D_HOME environment variable or build option to
  specify the location of the non-default SDK installation or build tree.
  Ensure the specified location contains the Urho3D library of the requested
  library type.  Change Dir:
  C:/Projects/tools/FlexEngine/build/CMakeFiles/CMakeTmp</code></p>
<p>I store source code of Urho in <span class="bbcode-b">C:/Projects/tools/Urho3D_source</span> and CMake build dir is <span class="bbcode-b">C:/Projects/tools/Urho3D</span></p>
<p>I tried to set URHO3D_HOME CMake variable to second one and some other variants but it didn’t help me.</p>
<p>Some time ago I successfully built Urho, but I can’t reproduce my actions now.</p>
<p>Full log:</p>
<p>[spoiler][quote]The C compiler identification is MSVC 18.0.31101.0<br/>
The CXX compiler identification is MSVC 18.0.31101.0<br/>
Check for working C compiler using: Visual Studio 12 2013<br/>
Check for working C compiler using: Visual Studio 12 2013 – works<br/>
Detecting C compiler ABI info<br/>
Detecting C compiler ABI info - done<br/>
Check for working CXX compiler using: Visual Studio 12 2013<br/>
Check for working CXX compiler using: Visual Studio 12 2013 – works<br/>
Detecting CXX compiler ABI info<br/>
Detecting CXX compiler ABI info - done<br/>
Detecting CXX compile features<br/>
Detecting CXX compile features - done<br/>
CMake Warning at CMake/Modules/Urho3D-CMake-common.cmake:110 (message):<br/>
Could not use MKLINK to setup symbolic links as this Windows user account<br/>
does not have the privilege to do so.  When MKLINK is not available then<br/>
the build system will fallback to use file/directory copy of the library<br/>
headers from source tree to build tree.  In order to prevent stale headers<br/>
being used in the build, this file/directory copy will be redone also as a<br/>
post-build step for each library targets.  This may slow down the build<br/>
unnecessarily or even cause other unforseen issues due to incomplete or<br/>
stale headers in the build tree.  Request your Windows Administrator to<br/>
grant your user account to have privilege to create symlink via MKLINK<br/>
command.  You are NOT advised to use the Administrator account directly to<br/>
generate build tree in all cases.<br/>
Call Stack (most recent call first):<br/>
CMakeLists.txt:27 (include)</p>
<p>Found Urho3D: C:/Projects/tools/Urho3D/lib/Urho3D_d.lib (found version “1.5-1031-gfd9db88”)<br/>
Looking for C++ include d3dcompiler.h<br/>
Looking for C++ include d3dcompiler.h - found<br/>
Looking for C++ include d3d9.h<br/>
Looking for C++ include d3d9.h - found<br/>
Looking for C++ include d3d11.h<br/>
Looking for C++ include d3d11.h - found<br/>
Looking for C++ include ddraw.h<br/>
Looking for C++ include ddraw.h - found<br/>
Looking for C++ include dsound.h<br/>
Looking for C++ include dsound.h - found<br/>
Looking for C++ include dinput.h<br/>
Looking for C++ include dinput.h - found<br/>
Looking for C++ include dxgi.h<br/>
Looking for C++ include dxgi.h - found<br/>
Looking for C++ include xaudio2.h<br/>
Looking for C++ include xaudio2.h - found<br/>
Looking for include files windows.h, xinput.h<br/>
Looking for include files windows.h, xinput.h - found<br/>
Found DirectX: TRUE  found components:  D3D11 DInput DSound XAudio2 XInput<br/>
Error copying file (if different) from “<br/>
C:/Projects/tools/FlexEngine/bin/Autoload” to “C:/Projects/tools/FlexEngine/build/bin/Autoload”.</p>
<p>Error copying file (if different) from “<br/>
C:/Projects/tools/FlexEngine/bin/CoreData” to “C:/Projects/tools/FlexEngine/build/bin/CoreData”.</p>
<p>Error copying file (if different) from “<br/>
C:/Projects/tools/FlexEngine/bin/Data” to “C:/Projects/tools/FlexEngine/build/bin/Data”.</p>
<p>CMake Error at CMake/Modules/FindUrho3D.cmake:356 (message):<br/>
Could NOT find compatible Urho3D library in Urho3D SDK installation or<br/>
build tree.  Use URHO3D_HOME environment variable or build option to<br/>
specify the location of the non-default SDK installation or build tree.<br/>
Ensure the specified location contains the Urho3D library of the requested<br/>
library type.  Change Dir:<br/>
C:/Projects/tools/FlexEngine/build/CMakeFiles/CMakeTmp</p>
<p>Run Build Command:“C:/Program Files (x86)/MSBuild/12.0/bin/MSBuild.exe”<br/>
“cmTC_2bc1c.vcxproj” “/p:Configuration=Release”<br/>
"/p:VisualStudioVersion=12.0"</p>
<p>Microsoft ® Build Engine version 12.0.31101.0</p>
<p>[Microsoft .NET Framework, version 4.0.30319.42000]</p>
<p>Copyright © Microsoft Corporation.  All rights reserved.</p>
<p>Build started 13.07.2016 14:10:41.</p>
<p>Project<br/>
"C:\Projects\tools\FlexEngine\build\CMakeFiles\CMakeTmp\cmTC_2bc1c.vcxproj"<br/>
on node 1 (default targets).</p>
<p>PrepareForBuild:</p>
<pre><code>Creating directory "cmTC_2bc1c.dir\Release\".

Creating directory "C:\Projects\tools\FlexEngine\build\CMakeFiles\CMakeTmp\Release\".

Creating directory "cmTC_2bc1c.dir\Release\cmTC_2bc1c.tlog\".
</code></pre>
<p>InitializeBuildStatus:</p>
<pre><code>Creating "cmTC_2bc1c.dir\Release\cmTC_2bc1c.tlog\unsuccessfulbuild" because "AlwaysCreate" was specified.
</code></pre>
<p>ClCompile:</p>
<pre><code>C:\Program Files (x86)\Microsoft Visual Studio 12.0\VC\bin\CL.exe /c /IC:\Projects\tools\Urho3D\include /W3 /WX- /O2 /Ob2 /Oy- /D WIN32 /D _WINDOWS /D NDEBUG /D "CMAKE_INTDIR=\"Release\"" /D _MBCS /Gm- /EHsc /MT /GS /fp:precise /Zc:wchar_t /Zc:forScope /GR /Fo"cmTC_2bc1c.dir\Release\\" /Fd"cmTC_2bc1c.dir\Release\vc120.pdb" /Gd /TP /analyze- /errorReport:queue C:\Projects\tools\FlexEngine\CMake\Modules\CheckUrho3DLibrary.cpp

Microsoft (R) C/C++ Optimizing Compiler Version 18.00.31101 for x86

Copyright (C) Microsoft Corporation.  All rights reserved.



cl /c /IC:\Projects\tools\Urho3D\include /W3 /WX- /O2 /Ob2 /Oy- /D WIN32 /D _WINDOWS /D NDEBUG /D "CMAKE_INTDIR=\"Release\"" /D _MBCS /Gm- /EHsc /MT /GS /fp:precise /Zc:wchar_t /Zc:forScope /GR /Fo"cmTC_2bc1c.dir\Release\\" /Fd"cmTC_2bc1c.dir\Release\vc120.pdb" /Gd /TP /analyze- /errorReport:queue C:\Projects\tools\FlexEngine\CMake\Modules\CheckUrho3DLibrary.cpp



CheckUrho3DLibrary.cpp
</code></pre>
<p>Link:</p>
<pre><code>C:\Program Files (x86)\Microsoft Visual Studio 12.0\VC\bin\link.exe /ERRORREPORT:QUEUE /OUT:"C:\Projects\tools\FlexEngine\build\CMakeFiles\CMakeTmp\Release\cmTC_2bc1c.exe" /INCREMENTAL:NO /NOLOGO kernel32.lib user32.lib gdi32.lib winspool.lib shell32.lib ole32.lib oleaut32.lib uuid.lib comdlg32.lib advapi32.lib C:\Projects\tools\Urho3D\lib\Urho3D_d.lib /MANIFEST /MANIFESTUAC:"level='asInvoker' uiAccess='false'" /manifest:embed /PDB:"C:/Projects/tools/FlexEngine/build/CMakeFiles/CMakeTmp/Release/cmTC_2bc1c.pdb" /SUBSYSTEM:CONSOLE /TLBID:1 /DYNAMICBASE /NXCOMPAT /IMPLIB:"C:/Projects/tools/FlexEngine/build/CMakeFiles/CMakeTmp/Release/cmTC_2bc1c.lib" /MACHINE:X86 /SAFESEH  /machine:X86 cmTC_2bc1c.dir\Release\CheckUrho3DLibrary.obj
</code></pre>
<p>Urho3D_d.lib(DataDeserializer.obj) : error LNK2038: mismatch detected for<br/>
’_ITERATOR_DEBUG_LEVEL’: value ‘2’ doesn’t match value ‘0’ in<br/>
CheckUrho3DLibrary.obj<br/>
[C:\Projects\tools\FlexEngine\build\CMakeFiles\CMakeTmp\cmTC_2bc1c.vcxproj]</p>
<p>Urho3D_d.lib(DataDeserializer.obj) : error LNK2038: mismatch detected for<br/>
’RuntimeLibrary’: value ‘MDd_DynamicDebug’ doesn’t match value<br/>
’MT_StaticRelease’ in CheckUrho3DLibrary.obj<br/>
[C:\Projects\tools\FlexEngine\build\CMakeFiles\CMakeTmp\cmTC_2bc1c.vcxproj]</p>
<p>Urho3D_d.lib(LibraryInfo.obj) : error LNK2038: mismatch detected for<br/>
’_ITERATOR_DEBUG_LEVEL’: value ‘2’ doesn’t match value ‘0’ in<br/>
CheckUrho3DLibrary.obj<br/>
[C:\Projects\tools\FlexEngine\build\CMakeFiles\CMakeTmp\cmTC_2bc1c.vcxproj]</p>
<p>Urho3D_d.lib(LibraryInfo.obj) : error LNK2038: mismatch detected for<br/>
’RuntimeLibrary’: value ‘MDd_DynamicDebug’ doesn’t match value<br/>
’MT_StaticRelease’ in CheckUrho3DLibrary.obj<br/>
[C:\Projects\tools\FlexEngine\build\CMakeFiles\CMakeTmp\cmTC_2bc1c.vcxproj]</p>
<p>Urho3D_d.lib(SerializedDataIterator.obj) : error LNK2038: mismatch detected<br/>
for ‘_ITERATOR_DEBUG_LEVEL’: value ‘2’ doesn’t match value ‘0’ in<br/>
CheckUrho3DLibrary.obj<br/>
[C:\Projects\tools\FlexEngine\build\CMakeFiles\CMakeTmp\cmTC_2bc1c.vcxproj]</p>
<p>Urho3D_d.lib(SerializedDataIterator.obj) : error LNK2038: mismatch detected<br/>
for ‘RuntimeLibrary’: value ‘MDd_DynamicDebug’ doesn’t match value<br/>
’MT_StaticRelease’ in CheckUrho3DLibrary.obj<br/>
[C:\Projects\tools\FlexEngine\build\CMakeFiles\CMakeTmp\cmTC_2bc1c.vcxproj]</p>
<p>Urho3D_d.lib(Precompiled.obj) : error LNK2038: mismatch detected for<br/>
’_ITERATOR_DEBUG_LEVEL’: value ‘2’ doesn’t match value ‘0’ in<br/>
CheckUrho3DLibrary.obj<br/>
[C:\Projects\tools\FlexEngine\build\CMakeFiles\CMakeTmp\cmTC_2bc1c.vcxproj]</p>
<p>Urho3D_d.lib(Precompiled.obj) : error LNK2038: mismatch detected for<br/>
’RuntimeLibrary’: value ‘MDd_DynamicDebug’ doesn’t match value<br/>
’MT_StaticRelease’ in CheckUrho3DLibrary.obj<br/>
[C:\Projects\tools\FlexEngine\build\CMakeFiles\CMakeTmp\cmTC_2bc1c.vcxproj]</p>
<p>msvcprtd.lib(MSVCP120D.dll) : error LNK2005: “void __cdecl<br/>
std::_Xbad_alloc(void)” (?_Xbad_alloc@std@<span class="mention">@YAXXZ</span>) already defined in<br/>
libcpmt.lib(xthrow.obj)<br/>
[C:\Projects\tools\FlexEngine\build\CMakeFiles\CMakeTmp\cmTC_2bc1c.vcxproj]</p>
<p>msvcprtd.lib(MSVCP120D.dll) : error LNK2005: “void __cdecl<br/>
std::_Xlength_error(char const *)” (?_Xlength_error@std@<span class="mention">@YAXPBD</span>@Z) already<br/>
defined in libcpmt.lib(xthrow.obj)<br/>
[C:\Projects\tools\FlexEngine\build\CMakeFiles\CMakeTmp\cmTC_2bc1c.vcxproj]</p>
<p>msvcprtd.lib(MSVCP120D.dll) : error LNK2005: “void __cdecl<br/>
std::_Xout_of_range(char const *)” (?_Xout_of_range@std@<span class="mention">@YAXPBD</span>@Z) already<br/>
defined in libcpmt.lib(xthrow.obj)<br/>
[C:\Projects\tools\FlexEngine\build\CMakeFiles\CMakeTmp\cmTC_2bc1c.vcxproj]</p>
<p>msvcprtd.lib(MSVCP120D.dll) : error LNK2005: “public: __thiscall<br/>
std::locale:<img alt=":id:" class="emoji" src="../../../images2/3bdd8c389b160bf501493f2f447ed9d8.png" title=":id:"/>:id(unsigned int)” (??0id@locale@std@<span class="mention">@QAE</span>@I@Z) already<br/>
defined in libcpmt.lib(xthrow.obj)<br/>
[C:\Projects\tools\FlexEngine\build\CMakeFiles\CMakeTmp\cmTC_2bc1c.vcxproj]</p>
<p>msvcprtd.lib(MSVCP120D.dll) : error LNK2005: “char const * __cdecl<br/>
std::_Syserror_map(int)” (?_Syserror_map@std@<span class="mention">@YAPBDH</span>@Z) already defined in<br/>
libcpmt.lib(syserror.obj)<br/>
[C:\Projects\tools\FlexEngine\build\CMakeFiles\CMakeTmp\cmTC_2bc1c.vcxproj]</p>
<p>msvcprtd.lib(MSVCP120D.dll) : error LNK2005: “char const * __cdecl<br/>
std::_Winerror_map(int)” (?_Winerror_map@std@<span class="mention">@YAPBDH</span>@Z) already defined in<br/>
libcpmt.lib(syserror.obj)<br/>
[C:\Projects\tools\FlexEngine\build\CMakeFiles\CMakeTmp\cmTC_2bc1c.vcxproj]</p>
<p>msvcprtd.lib(MSVCP120D.dll) : error LNK2005: “public: __thiscall<br/>
std::_Lockit::_Lockit(int)” (??0_Lockit@std@<span class="mention">@QAE</span>@H@Z) already defined in<br/>
libcpmt.lib(xlock.obj)<br/>
[C:\Projects\tools\FlexEngine\build\CMakeFiles\CMakeTmp\cmTC_2bc1c.vcxproj]</p>
<p>msvcprtd.lib(MSVCP120D.dll) : error LNK2005: “public: __thiscall<br/>
std::_Lockit::~_Lockit(void)” (??1_Lockit@std@<span class="mention">@QAE</span>@XZ) already defined in<br/>
libcpmt.lib(xlock.obj)<br/>
[C:\Projects\tools\FlexEngine\build\CMakeFiles\CMakeTmp\cmTC_2bc1c.vcxproj]</p>
<p>MSVCRTD.lib(MSVCR120D.dll) : error LNK2005: __invalid_parameter already<br/>
defined in LIBCMT.lib(invarg.obj)<br/>
[C:\Projects\tools\FlexEngine\build\CMakeFiles\CMakeTmp\cmTC_2bc1c.vcxproj]</p>
<p>MSVCRTD.lib(MSVCR120D.dll) : error LNK2005: _memmove already defined in<br/>
LIBCMT.lib(memmove.obj)<br/>
[C:\Projects\tools\FlexEngine\build\CMakeFiles\CMakeTmp\cmTC_2bc1c.vcxproj]</p>
<p>MSVCRTD.lib(MSVCR120D.dll) : error LNK2005: __hypot already defined in<br/>
LIBCMT.lib(hypot.obj)<br/>
[C:\Projects\tools\FlexEngine\build\CMakeFiles\CMakeTmp\cmTC_2bc1c.vcxproj]</p>
<p>MSVCRTD.lib(MSVCR120D.dll) : error LNK2005: “public: __thiscall<br/>
std::exception::exception(void)” (??0exception@std@<span class="mention">@QAE</span>@XZ) already defined<br/>
in LIBCMT.lib(stdexcpt.obj)<br/>
[C:\Projects\tools\FlexEngine\build\CMakeFiles\CMakeTmp\cmTC_2bc1c.vcxproj]</p>
<p>MSVCRTD.lib(MSVCR120D.dll) : error LNK2005: “public: __thiscall<br/>
std::exception::exception(class std::exception const &amp;)”<br/>
(??0exception@std@<span class="mention">@QAE</span>@ABV01@<span class="mention">@Z</span>) already defined in<br/>
LIBCMT.lib(stdexcpt.obj)<br/>
[C:\Projects\tools\FlexEngine\build\CMakeFiles\CMakeTmp\cmTC_2bc1c.vcxproj]</p>
<p>MSVCRTD.lib(MSVCR120D.dll) : error LNK2005: “public: virtual __thiscall<br/>
std::exception::~exception(void)” (??1exception@std@<span class="mention">@UAE</span>@XZ) already<br/>
defined in LIBCMT.lib(stdexcpt.obj)<br/>
[C:\Projects\tools\FlexEngine\build\CMakeFiles\CMakeTmp\cmTC_2bc1c.vcxproj]</p>
<p>MSVCRTD.lib(ti_inst.obj) : error LNK2005: “private: __thiscall<br/>
type_info::type_info(class type_info const &amp;)” (??0type_info@<span class="mention">@AAE</span>@ABV0@<span class="mention">@Z</span>)<br/>
already defined in LIBCMT.lib(typinfo.obj)<br/>
[C:\Projects\tools\FlexEngine\build\CMakeFiles\CMakeTmp\cmTC_2bc1c.vcxproj]</p>
<p>MSVCRTD.lib(ti_inst.obj) : error LNK2005: “private: class type_info &amp;<br/>
__thiscall type_info::operator=(class type_info const &amp;)”<br/>
(??4type_info@<span class="mention">@AAEAAV0</span>@ABV0@<span class="mention">@Z</span>) already defined in LIBCMT.lib(typinfo.obj)<br/>
[C:\Projects\tools\FlexEngine\build\CMakeFiles\CMakeTmp\cmTC_2bc1c.vcxproj]</p>
<p>LINK : warning LNK4098: defaultlib ‘MSVCRTD’ conflicts with use of other<br/>
libs; use /NODEFAULTLIB:library<br/>
[C:\Projects\tools\FlexEngine\build\CMakeFiles\CMakeTmp\cmTC_2bc1c.vcxproj]</p>
<p>C:\Projects\tools\FlexEngine\build\CMakeFiles\CMakeTmp\Release\cmTC_2bc1c.exe<br/>
: fatal error LNK1169: one or more multiply defined symbols found<br/>
[C:\Projects\tools\FlexEngine\build\CMakeFiles\CMakeTmp\cmTC_2bc1c.vcxproj]</p>
<p>Done Building Project<br/>
"C:\Projects\tools\FlexEngine\build\CMakeFiles\CMakeTmp\cmTC_2bc1c.vcxproj"<br/>
(default targets) – FAILED.</p>
<p>Build FAILED.</p>
<p>“C:\Projects\tools\FlexEngine\build\CMakeFiles\CMakeTmp\cmTC_2bc1c.vcxproj”<br/>
(default target) (1) -&gt;</p>
<p>(Link target) -&gt;</p>
<pre><code>LINK : warning LNK4098: defaultlib 'MSVCRTD' conflicts with use of other libs; use /NODEFAULTLIB:library [C:\Projects\tools\FlexEngine\build\CMakeFiles\CMakeTmp\cmTC_2bc1c.vcxproj]
</code></pre>
<p>“C:\Projects\tools\FlexEngine\build\CMakeFiles\CMakeTmp\cmTC_2bc1c.vcxproj”<br/>
(default target) (1) -&gt;</p>
<p>(Link target) -&gt;</p>
<pre><code>Urho3D_d.lib(DataDeserializer.obj) : error LNK2038: mismatch detected for '_ITERATOR_DEBUG_LEVEL': value '2' doesn't match value '0' in CheckUrho3DLibrary.obj [C:\Projects\tools\FlexEngine\build\CMakeFiles\CMakeTmp\cmTC_2bc1c.vcxproj]

Urho3D_d.lib(DataDeserializer.obj) : error LNK2038: mismatch detected for 'RuntimeLibrary': value 'MDd_DynamicDebug' doesn't match value 'MT_StaticRelease' in CheckUrho3DLibrary.obj [C:\Projects\tools\FlexEngine\build\CMakeFiles\CMakeTmp\cmTC_2bc1c.vcxproj]

Urho3D_d.lib(LibraryInfo.obj) : error LNK2038: mismatch detected for '_ITERATOR_DEBUG_LEVEL': value '2' doesn't match value '0' in CheckUrho3DLibrary.obj [C:\Projects\tools\FlexEngine\build\CMakeFiles\CMakeTmp\cmTC_2bc1c.vcxproj]

Urho3D_d.lib(LibraryInfo.obj) : error LNK2038: mismatch detected for 'RuntimeLibrary': value 'MDd_DynamicDebug' doesn't match value 'MT_StaticRelease' in CheckUrho3DLibrary.obj [C:\Projects\tools\FlexEngine\build\CMakeFiles\CMakeTmp\cmTC_2bc1c.vcxproj]

Urho3D_d.lib(SerializedDataIterator.obj) : error LNK2038: mismatch detected for '_ITERATOR_DEBUG_LEVEL': value '2' doesn't match value '0' in CheckUrho3DLibrary.obj [C:\Projects\tools\FlexEngine\build\CMakeFiles\CMakeTmp\cmTC_2bc1c.vcxproj]

Urho3D_d.lib(SerializedDataIterator.obj) : error LNK2038: mismatch detected for 'RuntimeLibrary': value 'MDd_DynamicDebug' doesn't match value 'MT_StaticRelease' in CheckUrho3DLibrary.obj [C:\Projects\tools\FlexEngine\build\CMakeFiles\CMakeTmp\cmTC_2bc1c.vcxproj]

Urho3D_d.lib(Precompiled.obj) : error LNK2038: mismatch detected for '_ITERATOR_DEBUG_LEVEL': value '2' doesn't match value '0' in CheckUrho3DLibrary.obj [C:\Projects\tools\FlexEngine\build\CMakeFiles\CMakeTmp\cmTC_2bc1c.vcxproj]

Urho3D_d.lib(Precompiled.obj) : error LNK2038: mismatch detected for 'RuntimeLibrary': value 'MDd_DynamicDebug' doesn't match value 'MT_StaticRelease' in CheckUrho3DLibrary.obj [C:\Projects\tools\FlexEngine\build\CMakeFiles\CMakeTmp\cmTC_2bc1c.vcxproj]

msvcprtd.lib(MSVCP120D.dll) : error LNK2005: "void __cdecl std::_Xbad_alloc(void)" (?_Xbad_alloc@std@@YAXXZ) already defined in libcpmt.lib(xthrow.obj) [C:\Projects\tools\FlexEngine\build\CMakeFiles\CMakeTmp\cmTC_2bc1c.vcxproj]

msvcprtd.lib(MSVCP120D.dll) : error LNK2005: "void __cdecl std::_Xlength_error(char const *)" (?_Xlength_error@std@@YAXPBD@Z) already defined in libcpmt.lib(xthrow.obj) [C:\Projects\tools\FlexEngine\build\CMakeFiles\CMakeTmp\cmTC_2bc1c.vcxproj]

msvcprtd.lib(MSVCP120D.dll) : error LNK2005: "void __cdecl std::_Xout_of_range(char const *)" (?_Xout_of_range@std@@YAXPBD@Z) already defined in libcpmt.lib(xthrow.obj) [C:\Projects\tools\FlexEngine\build\CMakeFiles\CMakeTmp\cmTC_2bc1c.vcxproj]

msvcprtd.lib(MSVCP120D.dll) : error LNK2005: "public: __thiscall std::locale::id::id(unsigned int)" (??0id@locale@std@@QAE@I@Z) already defined in libcpmt.lib(xthrow.obj) [C:\Projects\tools\FlexEngine\build\CMakeFiles\CMakeTmp\cmTC_2bc1c.vcxproj]

msvcprtd.lib(MSVCP120D.dll) : error LNK2005: "char const * __cdecl std::_Syserror_map(int)" (?_Syserror_map@std@@YAPBDH@Z) already defined in libcpmt.lib(syserror.obj) [C:\Projects\tools\FlexEngine\build\CMakeFiles\CMakeTmp\cmTC_2bc1c.vcxproj]

msvcprtd.lib(MSVCP120D.dll) : error LNK2005: "char const * __cdecl std::_Winerror_map(int)" (?_Winerror_map@std@@YAPBDH@Z) already defined in libcpmt.lib(syserror.obj) [C:\Projects\tools\FlexEngine\build\CMakeFiles\CMakeTmp\cmTC_2bc1c.vcxproj]

msvcprtd.lib(MSVCP120D.dll) : error LNK2005: "public: __thiscall std::_Lockit::_Lockit(int)" (??0_Lockit@std@@QAE@H@Z) already defined in libcpmt.lib(xlock.obj) [C:\Projects\tools\FlexEngine\build\CMakeFiles\CMakeTmp\cmTC_2bc1c.vcxproj]

msvcprtd.lib(MSVCP120D.dll) : error LNK2005: "public: __thiscall std::_Lockit::~_Lockit(void)" (??1_Lockit@std@@QAE@XZ) already defined in libcpmt.lib(xlock.obj) [C:\Projects\tools\FlexEngine\build\CMakeFiles\CMakeTmp\cmTC_2bc1c.vcxproj]

MSVCRTD.lib(MSVCR120D.dll) : error LNK2005: __invalid_parameter already defined in LIBCMT.lib(invarg.obj) [C:\Projects\tools\FlexEngine\build\CMakeFiles\CMakeTmp\cmTC_2bc1c.vcxproj]

MSVCRTD.lib(MSVCR120D.dll) : error LNK2005: _memmove already defined in LIBCMT.lib(memmove.obj) [C:\Projects\tools\FlexEngine\build\CMakeFiles\CMakeTmp\cmTC_2bc1c.vcxproj]

MSVCRTD.lib(MSVCR120D.dll) : error LNK2005: __hypot already defined in LIBCMT.lib(hypot.obj) [C:\Projects\tools\FlexEngine\build\CMakeFiles\CMakeTmp\cmTC_2bc1c.vcxproj]

MSVCRTD.lib(MSVCR120D.dll) : error LNK2005: "public: __thiscall std::exception::exception(void)" (??0exception@std@@QAE@XZ) already defined in LIBCMT.lib(stdexcpt.obj) [C:\Projects\tools\FlexEngine\build\CMakeFiles\CMakeTmp\cmTC_2bc1c.vcxproj]

MSVCRTD.lib(MSVCR120D.dll) : error LNK2005: "public: __thiscall std::exception::exception(class std::exception const &amp;)" (??0exception@std@@QAE@ABV01@@Z) already defined in LIBCMT.lib(stdexcpt.obj) [C:\Projects\tools\FlexEngine\build\CMakeFiles\CMakeTmp\cmTC_2bc1c.vcxproj]

MSVCRTD.lib(MSVCR120D.dll) : error LNK2005: "public: virtual __thiscall std::exception::~exception(void)" (??1exception@std@@UAE@XZ) already defined in LIBCMT.lib(stdexcpt.obj) [C:\Projects\tools\FlexEngine\build\CMakeFiles\CMakeTmp\cmTC_2bc1c.vcxproj]

MSVCRTD.lib(ti_inst.obj) : error LNK2005: "private: __thiscall type_info::type_info(class type_info const &amp;)" (??0type_info@@AAE@ABV0@@Z) already defined in LIBCMT.lib(typinfo.obj) [C:\Projects\tools\FlexEngine\build\CMakeFiles\CMakeTmp\cmTC_2bc1c.vcxproj]

MSVCRTD.lib(ti_inst.obj) : error LNK2005: "private: class type_info &amp; __thiscall type_info::operator=(class type_info const &amp;)" (??4type_info@@AAEAAV0@ABV0@@Z) already defined in LIBCMT.lib(typinfo.obj) [C:\Projects\tools\FlexEngine\build\CMakeFiles\CMakeTmp\cmTC_2bc1c.vcxproj]

C:\Projects\tools\FlexEngine\build\CMakeFiles\CMakeTmp\Release\cmTC_2bc1c.exe : fatal error LNK1169: one or more multiply defined symbols found [C:\Projects\tools\FlexEngine\build\CMakeFiles\CMakeTmp\cmTC_2bc1c.vcxproj]





  1 Warning(s)

  25 Error(s)
</code></pre>
<p>Time Elapsed 00:00:00.74</p>
<p>Call Stack (most recent call first):<br/>
CMakeLists.txt:30 (find_package)</p>
<p>Configuring incomplete, errors occurred!<br/>
See also “C:/Projects/tools/FlexEngine/build/CMakeFiles/CMakeOutput.log”.[/quote][/spoiler]</p>
          </div>
        </div>
      </div>

      <div class="post_container">
        <div class="avatar_container">
          <img src="../../../images/4_2.png" class="avatar" />
        </div>
        <div class="post">
          <div class="user_name">weitjong</div>
          <div class="post_content">
<p>You should not used document link for release 1.31 with the codebase from latest master branch (assuming that is what you were using). The URHO3D_HOME should point to a build tree. So, in your case it is the second path, if that path is what you claimed it is. Make sure a compatible library has been built in the build tree in question. If you have done this and still could not pass this check, read the error messages carefully. It usually provide enough information why it failed the test. Good luck.</p>
          </div>
        </div>
      </div>

      <div class="post_container">
        <div class="avatar_container">
          <img src="../../../images/902_2.png" class="avatar" />
        </div>
        <div class="post">
          <div class="user_name">Eugene</div>
          <div class="post_content">
<p>I posted wrong link.<br/>
It looks like usage of Urho as library has changed after I wrote my CMakeLists.txt - e.g. <span class="bbcode-b">find_package</span> disappeared.<br/>
So my CMakeLists.txt got out-of-dated and when I tried to re-configure it on clean PC I got these strange errors.</p>
          </div>
        </div>
      </div>

      <div class="post_container">
        <div class="avatar_container">
          <img src="../../../images/4_2.png" class="avatar" />
        </div>
        <div class="post">
          <div class="user_name">weitjong</div>
          <div class="post_content">
<p>Well, a lot have changed in our build system for the good or the bad, depends on your point of view. The find_package(URHO3D) is gone now as it is performed automatically inside the Urho3D common module. That is what you can see on the surface. Behind the scene, the modules now auto-discovers all the critical CMake variables in your project based on how the Urho3D library was being built. Of course, it needs to find a compatible Urho3D library in the first place. It is considered compatible when the module could actually build a simple test program linking to the candidate library that it found. If it failed in doing so then it means something is terribly wrong and it gives the error message as you see now. In the past, the module just blindly returned library that it found without checking. And if the found library is indeed not compatible then you will got the compilation error anyway later when you try to build your project. That is, the basic idea of the changes is to give the error up front.</p>
          </div>
        </div>
      </div>


    </div>
  </body>
</html>