<!DOCTYPE html>
<html>
  <head>
    <meta charset="utf-8" />
    <meta name="viewport" content="width=device-width">
    <title>Building Samples with WebAssembly?</title>
    <link rel="stylesheet" href="../../../archived.css" />
    <script type="text/x-mathjax-config">
      MathJax.Hub.Config({tex2jax: {inlineMath: [['$','$'], ['\\\\(','\\\\)']]}});
    </script>
    <script type="text/javascript" async
      src="https://cdnjs.cloudflare.com/ajax/libs/mathjax/2.7.1/MathJax.js?config=TeX-MML-AM_CHTML">
    </script>
  </head>

  <body>
    <header class="header">
      <div class="title-span">
        <a href="../../../">
          <img src="../../../images/site-logo.png" height="40" alt="Urho3D" id="site-logo" />
        </a>
      </div>
    </header>

    <div class="main">
    <div class="archive-span">Archive 17/01/2023.</div>
    <h1 class="topic-title">Building Samples with WebAssembly?</h1>
            <div class="post_container">
        <div class="avatar_container">
          <img src="../../../images/{size}.png" class="avatar" />
        </div>
        <div class="post">
          <div class="user_name">Synex</div>
          <div class="post_content">
<p><strong>Hi everyone,</strong></p>
<p>I have been trying to build the Urho3D samples into <strong>WebAssembly</strong> using the <strong><code>-DEMSCRIPTEN_WASM=1</code></strong> option on Windows 10, to test out the contribution from <strong>weitjong</strong> earlier this year at <code>(https://discourse.urho3d.io/t/targeting-webassembly/2821)</code></p>
<p>However I have been having issues for a few hours now so I am wondering if anyone else has gotten this to work? The full CMake configuration for Urho3D is done like this:</p>
<h3>Urho3D CMake configuration parameters (cmake_emscripten.bat)</h3>
<div class="spoiler">
<p>cmake_emscripten %pxyz%\build\WebBuild -DURHO3D_SAMPLES:BOOL=ON -DURHO3D_LUA:BOOL=OFF -DURHO3D_ANGELSCRIPT:BOOL=OFF -DURHO3D_C++11:BOOL=ON -DURHO3D_PHYSICS:BOOL=OFF -DURHO3D_IK:BOOL=OFF -DURHO3D_NAVIGATION:BOOL=OFF -DURHO3D_PCH:BOOL=OFF -DURHO3D_THREADING:BOOL=OFF -DEMSCRIPTEN_WASM=1</p>
</div>
<p>I want to note I updated the Emscripten SDK using <strong><code>emsdk install sdk-1.37.18-64bit</code></strong> beforehand.</p>
<p>My current Emscripten SDK activated environment looks like this:</p>
<h3>Output of: emsdk active --global</h3>
<div class="spoiler">
<p>LLVM_ROOT='C:/Program Files/Emscripten/clang/e1.37.18_64bit’<br/>
EMSCRIPTEN_NATIVE_OPTIMIZER='C:/Program Files/Emscripten/clang/e1.37.18_64bit/optimizer.exe’<br/>
BINARYEN_ROOT='C:/Program Files/Emscripten/clang/e1.37.18_64bit/binaryen’<br/>
NODE_JS='C:/Program Files/Emscripten/node/4.1.1_64bit/bin/node.exe’<br/>
PYTHON='C:/Program Files/Emscripten/python/2.7.5.3_64bit/python.exe’<br/>
JAVA='C:/Program Files/Emscripten/java/7.45_64bit/bin/java.exe’<br/>
SPIDERMONKEY_ENGINE='C:/Program Files/Emscripten/spidermonkey/37.0.1_64bit/js.exe’<br/>
EMSCRIPTEN_ROOT='C:/Program Files/Emscripten/emscripten/1.37.18’<br/>
CRUNCH='C:/Program Files/Emscripten/crunch/1.03/crunch.exe’<br/>
MINGW_ROOT='C:/Program Files/Emscripten/mingw/7.1.0_64bit’<br/>
V8_ENGINE = ''<br/>
TEMP_DIR = 'c:/users/user/appdata/local/temp’<br/>
COMPILER_ENGINE = NODE_JS<br/>
JS_ENGINES = [NODE_JS]</p>
<p>Setting environment variables:<br/>
EMSDK = C:/Program Files/Emscripten</p>
</div>
<p>The engine web lib file builds fine, but samples <strong>fail</strong> with like the following console output:</p>
<h3>Console output of Sample Build Failure</h3>
<div class="spoiler">
<p>mingw32-make 05_AnimatingScene<br/>
[  1%] Built target PackageTool<br/>
[  1%] Checking and packaging resource directories<br/>
Packaging C:/dev/proj/client/libsrc/Urho3D-1.6/bin/CoreData…<br/>
Packaging C:/dev/proj/client/libsrc/Urho3D-1.6/bin/Data…<br/>
[  1%] Built target RESOURCE_CHECK<br/>
[ 12%] Built target Box2D<br/>
[ 12%] Built target JO<br/>
[ 22%] Built target FreeType<br/>
[ 22%] Built target rapidjson<br/>
[ 23%] Built target PugiXml<br/>
[ 24%] Built target LZ4<br/>
[ 25%] Built target StanHull<br/>
[ 47%] Built target SDL<br/>
[ 47%] Built target STB<br/>
[ 98%] Built target Urho3D<br/>
Scanning dependencies of target 05_AnimatingScene<br/>
[ 98%] Building CXX object Source/Samples/05_AnimatingScene/CMakeFiles/05_AnimatingScene.dir/AnimatingScene.cpp.o<br/>
[100%] Building CXX object Source/Samples/05_AnimatingScene/CMakeFiles/05_AnimatingScene.dir/Rotator.cpp.o<br/>
[100%] Linking CXX executable …\bin\05_AnimatingScene.js<br/>
Traceback (most recent call last):<br/>
File “C:\PROGRA~1\EMSCRI~1\EMSCRI~1\137~1.18\em++”, line 16, in <br/>
emcc.run()<br/>
File “C:\PROGRA~1\EMSCRI~1\EMSCRI~1\137~1.18\<a href="http://emcc.py" rel="nofollow noopener">emcc.py</a>”, line 622, in run<br/>
options, settings_changes, newargs = parse_args(newargs)<br/>
File “C:\PROGRA~1\EMSCRI~1\EMSCRI~1\137~1.18\<a href="http://emcc.py" rel="nofollow noopener">emcc.py</a>”, line 1873, in parse_args<br/>
options.pre_js += open(newargs[i+1]).read() + '\n’<br/>
IOError: [Errno 2] No such file or directory: 'C:/Program’<br/>
Source\Samples\05_AnimatingScene\CMakeFiles\05_AnimatingScene.dir\build.make:126: recipe for target ‘bin/05_AnimatingScene.js’ failed<br/>
mingw32-make[3]: *** [bin/05_AnimatingScene.js] Error 1<br/>
CMakeFiles\Makefile2:1165: recipe for target ‘Source/Samples/05_AnimatingScene/CMakeFiles/05_AnimatingScene.dir/all’ failed<br/>
mingw32-make[2]: *** [Source/Samples/05_AnimatingScene/CMakeFiles/05_AnimatingScene.dir/all] Error 2<br/>
CMakeFiles\Makefile2:1177: recipe for target ‘Source/Samples/05_AnimatingScene/CMakeFiles/05_AnimatingScene.dir/rule’ failed<br/>
mingw32-make[1]: *** [Source/Samples/05_AnimatingScene/CMakeFiles/05_AnimatingScene.dir/rule] Error 2<br/>
Makefile:391: recipe for target ‘05_AnimatingScene’ failed<br/>
mingw32-make: *** [05_AnimatingScene] Error 2</p>
</div>
<hr/>
<p>So to summarise <strong>(LD;DR)</strong></p>
<ul>
<li>I pulled recently the latest master of Urho3D</li>
<li>You can see I am using Emscripten SDK version 1.37.18 64bit.</li>
<li>Web Library build is successful</li>
<li><strong>But Samples do <em>not</em> build successfully</strong></li>
</ul>
<p>I would be happy to provide more information if any wants it. If I can get this to work I will update it here. I think being able to build to WebAssembly is really something awesome and I hope maybe its a thing we can see working at least in 1.7?</p>
<p>P.S. In the mentioned thread I know <strong>cadaver</strong> managed to get building into WebAssembly working, however I have not been able to replicate his process to success obviously. Perhaps I am missing something stupid or using the wrong version of something somewhere?</p>
          </div>
        </div>
      </div>

      <div class="post_container">
        <div class="avatar_container">
          <img src="../../../images/4_2.png" class="avatar" />
        </div>
        <div class="post">
          <div class="user_name">weitjong</div>
          <div class="post_content">
<p>We have CI jobs on WASM build which test build just fine, however, it uses Linux host system and SDK 1.37.12. Personally, I seldom test build on Windows host system and especially when targeting Web platform, so sorry for not able to be more helpful than this. Perhaps try to use a build tree without space and see if it works, probably you have found a bug if that is turned out to be the case.</p>
          </div>
        </div>
      </div>

      <div class="post_container">
        <div class="avatar_container">
          <img src="../../../images/3_2.png" class="avatar" />
        </div>
        <div class="post">
          <div class="user_name">cadaver</div>
          <div class="post_content">
<p>Remembered that my build &amp; Emscripten install paths don’t have space in them, so yes, I’d suspect that too.</p>
          </div>
        </div>
      </div>

      <div class="post_container">
        <div class="avatar_container">
          <img src="../../../images/{size}.png" class="avatar" />
        </div>
        <div class="post">
          <div class="user_name">Synex</div>
          <div class="post_content">
<p>I just want to confirm that I was able to build the samples with WebAssembly when using an Emscripten install path that has <strong>no spaces</strong>!</p>
<p>Note the build does not output a .html file for each sample unless you do the following:</p>
<ul>
<li>Specify the flag <code>URHO3D_TESTING=1</code> when building</li>
<li>
<strong>OR</strong> by using the <code>add_html_shell()</code> in the appropriate sample/project CMakeList.txt <strong>BEFORE</strong> the <code>setup_main_executable ()</code> macro.</li>
</ul>
<p>An example on using the <code>add_html_shell ()</code> macro see below:</p>
<h3>Example of CMakeLists.txt for 02_HelloGUI Sample</h3>
<div class="spoiler">
<p>set (TARGET_NAME 02_HelloGUI)</p>
<p>define_source_files (EXTRA_H_FILES ${COMMON_SAMPLE_H_FILES})</p>
<p>add_html_shell ()</p>
<p>setup_main_executable ()</p>
<p>setup_test ()</p>
</div>
          </div>
        </div>
      </div>

      <div class="post_container">
        <div class="avatar_container">
          <img src="../../../images/4_2.png" class="avatar" />
        </div>
        <div class="post">
          <div class="user_name">weitjong</div>
          <div class="post_content">
<p>That is the expected result. In the previous release, the default output for Web platform was HTML with an unconfigurable basic shell (without modifying the build scripts). In the future release (in master branch now), the default output is either asm.js or WASM depending on the build option. Developers can write their own HTML shell after the fact to integrate with the output. Or use the add_html_shell() macro providing the path to the custom shell to let our build system integrate them for you.</p>
          </div>
        </div>
      </div>

      <div class="post_container">
        <div class="avatar_container">
          <img src="../../../images/4_2.png" class="avatar" />
        </div>
        <div class="post">
          <div class="user_name">weitjong</div>
          <div class="post_content">
<p>I am able to reproduce this error on Linux host system when my test build tree path has spaces. So, I will raise this as an issue.</p>
          </div>
        </div>
      </div>

      <div class="post_container">
        <div class="avatar_container">
          <img src="../../../images/4_2.png" class="avatar" />
        </div>
        <div class="post">
          <div class="user_name">weitjong</div>
          <div class="post_content">
<p><span class="mention">@Synex</span> Could you try the latest commit in the master branch and report back. It should now build correctly with build tree path containing spaces.</p>
          </div>
        </div>
      </div>

      <div class="post_container">
        <div class="avatar_container">
          <img src="../../../images/{size}.png" class="avatar" />
        </div>
        <div class="post">
          <div class="user_name">Synex</div>
          <div class="post_content">
<p><span class="mention">@weitjong</span> I can confirm that the latest commit in master has fixed the issue regarding the build path containing spaces when building on Windows 10</p>
          </div>
        </div>
      </div>


    </div>
  </body>
</html>