<!DOCTYPE html>
<html>
  <head>
    <meta charset="utf-8" />
    <meta name="viewport" content="width=device-width">
    <title>[SOLVED]cmake gen project error for android</title>
    <link rel="stylesheet" href="../../../archived.css" />
    <script type="text/x-mathjax-config">
      MathJax.Hub.Config({tex2jax: {inlineMath: [['$','$'], ['\\\\(','\\\\)']]}});
    </script>
    <script type="text/javascript" async
      src="https://cdnjs.cloudflare.com/ajax/libs/mathjax/2.7.1/MathJax.js?config=TeX-MML-AM_CHTML">
    </script>
  </head>

  <body>
    <header class="header">
      <div class="title-span">
        <a href="../../../">
          <img src="../../../images/site-logo.png" height="40" alt="Urho3D" id="site-logo" />
        </a>
      </div>
    </header>

    <div class="main">
    <div class="archive-span">Archive 17/01/2023.</div>
    <h1 class="topic-title">[SOLVED]cmake gen project error for android</h1>
            <div class="post_container">
        <div class="avatar_container">
          <img src="../../../images/{size}.png" class="avatar" />
        </div>
        <div class="post">
          <div class="user_name">hsl9999</div>
          <div class="post_content">
<p>env:win7 64<br/>
urho3d 1.4<br/>
cmake:3.2.2</p>
<p>ANDORID_NDK   D:\NVPACK\android-ndk-r10d<br/>
add Path :  D:\NVPACK\android-ndk-r10d\toolchains\arm-linux-androideabi-4.9\prebuilt\windows-x86_64\bin;</p>
<p>error:<br/>
Looking for include file stdint.h<br/>
Looking for include file stdint.h - found<br/>
The ASM compiler identification is GNU<br/>
Found assembler: D:/NVPACK/android-ndk-r10d/toolchains/arm-linux-androideabi-4.9/prebuilt/windows-x86_64/bin/arm-linux-androideabi-gcc.exe<br/>
Performing Test COMPILER_HAS_HIDDEN_VISIBILITY<br/>
Performing Test COMPILER_HAS_HIDDEN_VISIBILITY - Failed<br/>
Performing Test COMPILER_HAS_HIDDEN_INLINE_VISIBILITY<br/>
Performing Test COMPILER_HAS_HIDDEN_INLINE_VISIBILITY - Failed<br/>
Performing Test COMPILER_HAS_DEPRECATED_ATTR<br/>
Performing Test COMPILER_HAS_DEPRECATED_ATTR - Failed<br/>
Performing Test COMPILER_HAS_DEPRECATED<br/>
Performing Test COMPILER_HAS_DEPRECATED - Failed<br/>
arm-linux-androideabi-g++.exe: error: CreateProcess: No such file or directory</p>
<p>CMake Error at CMake/Modules/Urho3D-CMake-common.cmake:662 (message):<br/>
The configured compiler toolchain in the build tree is not able to handle<br/>
all the compiler flags required to build the project.  Please kindly update<br/>
your compiler toolchain to its latest version.  If you are using MinGW then<br/>
make sure it is MinGW-W64 instead of MinGW-W32 or TDM-GCC (Code::Blocks<br/>
default).  However, if you think there is something wrong with the compiler<br/>
flags being used then please file a bug report to the project devs.<br/>
Call Stack (most recent call first):<br/>
CMake/Modules/Urho3D-CMake-common.cmake:718 (enable_pch)<br/>
CMake/Modules/Urho3D-CMake-common.cmake:774 (setup_target)<br/>
Source/Urho3D/CMakeLists.txt:174 (setup_library)</p>
<p>error log:<br/>
Performing C++ SOURCE FILE Test COMPILER_HAS_HIDDEN_VISIBILITY failed with the following output:<br/>
Change Dir: E:/Urho3D/AndroidBuild/CMakeFiles/CMakeTmp</p>
<p>Run Build Command:“D:/NVPACK/android-ndk-r10d/prebuilt/windows-x86_64/bin/make.exe” "cmTryCompileExec3046427120/fast"<br/>
D:/NVPACK/android-ndk-r10d/prebuilt/windows-x86_64/bin/make.exe -f CMakeFiles/cmTryCompileExec3046427120.dir/build.make CMakeFiles/cmTryCompileExec3046427120.dir/build</p>
<p>make.exe[1]: Entering directory `E:/Urho3D/AndroidBuild/CMakeFiles/CMakeTmp’</p>
<p>“D:/Program Files (x86)/CMake/bin/cmake.exe” -E cmake_progress_report E:/Urho3D/AndroidBuild/CMakeFiles/CMakeTmp/CMakeFiles 1</p>
<p>“Building CXX object CMakeFiles/cmTryCompileExec3046427120.dir/src.cxx.o”</p>
<p>D:/NVPACK/android-ndk-r10d/toolchains/arm-linux-androideabi-4.9/prebuilt/windows-x86_64/bin/arm-linux-androideabi-g++.exe   -DANDROID -fexceptions -frtti -fPIC -Wno-psabi --sysroot=D:/NVPACK/android-ndk-r10d/platforms/android-12/arch-arm -funwind-tables -finline-limit=64 -fsigned-char -no-canonical-prefixes -march=armv7-a -mfloat-abi=softfp -mfpu=vfpv3-d16 -fdata-sections -ffunction-sections -Wa,–noexecstack  -Wno-invalid-offsetof -fstack-protector -DCOMPILER_HAS_HIDDEN_VISIBILITY -fPIE -isystem D:/NVPACK/android-ndk-r10d/platforms/android-12/arch-arm/usr/include -isystem D:/NVPACK/android-ndk-r10d/sources/cxx-stl/gnu-libstdc++/4.9/include -isystem D:/NVPACK/android-ndk-r10d/sources/cxx-stl/gnu-libstdc++/4.9/libs/armeabi-v7a/include -isystem D:/NVPACK/android-ndk-r10d/sources/cxx-stl/gnu-libstdc++/4.9/include/backward    -fvisibility=hidden -o CMakeFiles/cmTryCompileExec3046427120.dir/src.cxx.o -c E:/Urho3D/AndroidBuild/CMakeFiles/CMakeTmp/src.cxx</p>
<p>arm-linux-androideabi-g++.exe: error: CreateProcess: No such file or directory</p>
<p>make.exe[1]: *** [CMakeFiles/cmTryCompileExec3046427120.dir/src.cxx.o] Error 1</p>
<p>make.exe[1]: Leaving directory `E:/Urho3D/AndroidBuild/CMakeFiles/CMakeTmp’</p>
<p>make.exe: *** [cmTryCompileExec3046427120/fast] Error 2</p>
<p>Source file was:<br/>
int main() { return 0; }<br/>
Performing C++ SOURCE FILE Test COMPILER_HAS_HIDDEN_INLINE_VISIBILITY failed with the following output:<br/>
Change Dir: E:/Urho3D/AndroidBuild/CMakeFiles/CMakeTmp</p>
<p>Run Build Command:“D:/NVPACK/android-ndk-r10d/prebuilt/windows-x86_64/bin/make.exe” "cmTryCompileExec57645084/fast"<br/>
D:/NVPACK/android-ndk-r10d/prebuilt/windows-x86_64/bin/make.exe -f CMakeFiles/cmTryCompileExec57645084.dir/build.make CMakeFiles/cmTryCompileExec57645084.dir/build</p>
<p>make.exe[1]: Entering directory `E:/Urho3D/AndroidBuild/CMakeFiles/CMakeTmp’</p>
<p>“D:/Program Files (x86)/CMake/bin/cmake.exe” -E cmake_progress_report E:/Urho3D/AndroidBuild/CMakeFiles/CMakeTmp/CMakeFiles 1</p>
<p>“Building CXX object CMakeFiles/cmTryCompileExec57645084.dir/src.cxx.o”</p>
<p>D:/NVPACK/android-ndk-r10d/toolchains/arm-linux-androideabi-4.9/prebuilt/windows-x86_64/bin/arm-linux-androideabi-g++.exe   -DANDROID -fexceptions -frtti -fPIC -Wno-psabi --sysroot=D:/NVPACK/android-ndk-r10d/platforms/android-12/arch-arm -funwind-tables -finline-limit=64 -fsigned-char -no-canonical-prefixes -march=armv7-a -mfloat-abi=softfp -mfpu=vfpv3-d16 -fdata-sections -ffunction-sections -Wa,–noexecstack  -Wno-invalid-offsetof -fstack-protector -DCOMPILER_HAS_HIDDEN_INLINE_VISIBILITY -fPIE -isystem D:/NVPACK/android-ndk-r10d/platforms/android-12/arch-arm/usr/include -isystem D:/NVPACK/android-ndk-r10d/sources/cxx-stl/gnu-libstdc++/4.9/include -isystem D:/NVPACK/android-ndk-r10d/sources/cxx-stl/gnu-libstdc++/4.9/libs/armeabi-v7a/include -isystem D:/NVPACK/android-ndk-r10d/sources/cxx-stl/gnu-libstdc++/4.9/include/backward    -fvisibility-inlines-hidden -o CMakeFiles/cmTryCompileExec57645084.dir/src.cxx.o -c E:/Urho3D/AndroidBuild/CMakeFiles/CMakeTmp/src.cxx</p>
<p>arm-linux-androideabi-g++.exe: error: CreateProcess: No such file or directory</p>
<p>make.exe[1]: Leaving directory `E:/Urho3D/AndroidBuild/CMakeFiles/CMakeTmp’</p>
<p>make.exe[1]: *** [CMakeFiles/cmTryCompileExec57645084.dir/src.cxx.o] Error 1</p>
<p>make.exe: *** [cmTryCompileExec57645084/fast] Error 2</p>
<p>Source file was:<br/>
int main() { return 0; }<br/>
Performing C++ SOURCE FILE Test COMPILER_HAS_DEPRECATED_ATTR failed with the following output:<br/>
Change Dir: E:/Urho3D/AndroidBuild/CMakeFiles/CMakeTmp</p>
<p>Run Build Command:“D:/NVPACK/android-ndk-r10d/prebuilt/windows-x86_64/bin/make.exe” "cmTryCompileExec772191057/fast"<br/>
D:/NVPACK/android-ndk-r10d/prebuilt/windows-x86_64/bin/make.exe -f CMakeFiles/cmTryCompileExec772191057.dir/build.make CMakeFiles/cmTryCompileExec772191057.dir/build</p>
<p>make.exe[1]: Entering directory `E:/Urho3D/AndroidBuild/CMakeFiles/CMakeTmp’</p>
<p>“D:/Program Files (x86)/CMake/bin/cmake.exe” -E cmake_progress_report E:/Urho3D/AndroidBuild/CMakeFiles/CMakeTmp/CMakeFiles 1</p>
<p>“Building CXX object CMakeFiles/cmTryCompileExec772191057.dir/src.cxx.o”</p>
<p>D:/NVPACK/android-ndk-r10d/toolchains/arm-linux-androideabi-4.9/prebuilt/windows-x86_64/bin/arm-linux-androideabi-g++.exe   -DANDROID -fexceptions -frtti -fPIC -Wno-psabi --sysroot=D:/NVPACK/android-ndk-r10d/platforms/android-12/arch-arm -funwind-tables -finline-limit=64 -fsigned-char -no-canonical-prefixes -march=armv7-a -mfloat-abi=softfp -mfpu=vfpv3-d16 -fdata-sections -ffunction-sections -Wa,–noexecstack  -Wno-invalid-offsetof -fstack-protector -DCOMPILER_HAS_DEPRECATED_ATTR -fPIE -isystem D:/NVPACK/android-ndk-r10d/platforms/android-12/arch-arm/usr/include -isystem D:/NVPACK/android-ndk-r10d/sources/cxx-stl/gnu-libstdc++/4.9/include -isystem D:/NVPACK/android-ndk-r10d/sources/cxx-stl/gnu-libstdc++/4.9/libs/armeabi-v7a/include -isystem D:/NVPACK/android-ndk-r10d/sources/cxx-stl/gnu-libstdc++/4.9/include/backward    -o CMakeFiles/cmTryCompileExec772191057.dir/src.cxx.o -c E:/Urho3D/AndroidBuild/CMakeFiles/CMakeTmp/src.cxx</p>
<p>arm-linux-androideabi-g++.exe: error: CreateProcess: No such file or directory</p>
<p>make.exe[1]: *** [CMakeFiles/cmTryCompileExec772191057.dir/src.cxx.o] Error 1</p>
<p>make.exe[1]: Leaving directory `E:/Urho3D/AndroidBuild/CMakeFiles/CMakeTmp’</p>
<p>make.exe: *** [cmTryCompileExec772191057/fast] Error 2</p>
<p>Source file was:<br/>
<strong>attribute</strong>((<strong>deprecated</strong>)) int somefunc() { return 0; }<br/>
int main() { return somefunc();}<br/>
Performing C++ SOURCE FILE Test COMPILER_HAS_DEPRECATED failed with the following output:<br/>
Change Dir: E:/Urho3D/AndroidBuild/CMakeFiles/CMakeTmp</p>
<p>Run Build Command:“D:/NVPACK/android-ndk-r10d/prebuilt/windows-x86_64/bin/make.exe” "cmTryCompileExec72661732/fast"<br/>
D:/NVPACK/android-ndk-r10d/prebuilt/windows-x86_64/bin/make.exe -f CMakeFiles/cmTryCompileExec72661732.dir/build.make CMakeFiles/cmTryCompileExec72661732.dir/build</p>
<p>make.exe[1]: Entering directory `E:/Urho3D/AndroidBuild/CMakeFiles/CMakeTmp’</p>
<p>“D:/Program Files (x86)/CMake/bin/cmake.exe” -E cmake_progress_report E:/Urho3D/AndroidBuild/CMakeFiles/CMakeTmp/CMakeFiles 1</p>
<p>“Building CXX object CMakeFiles/cmTryCompileExec72661732.dir/src.cxx.o”</p>
<p>D:/NVPACK/android-ndk-r10d/toolchains/arm-linux-androideabi-4.9/prebuilt/windows-x86_64/bin/arm-linux-androideabi-g++.exe   -DANDROID -fexceptions -frtti -fPIC -Wno-psabi --sysroot=D:/NVPACK/android-ndk-r10d/platforms/android-12/arch-arm -funwind-tables -finline-limit=64 -fsigned-char -no-canonical-prefixes -march=armv7-a -mfloat-abi=softfp -mfpu=vfpv3-d16 -fdata-sections -ffunction-sections -Wa,–noexecstack  -Wno-invalid-offsetof -fstack-protector -DCOMPILER_HAS_DEPRECATED -fPIE -isystem D:/NVPACK/android-ndk-r10d/platforms/android-12/arch-arm/usr/include -isystem D:/NVPACK/android-ndk-r10d/sources/cxx-stl/gnu-libstdc++/4.9/include -isystem D:/NVPACK/android-ndk-r10d/sources/cxx-stl/gnu-libstdc++/4.9/libs/armeabi-v7a/include -isystem D:/NVPACK/android-ndk-r10d/sources/cxx-stl/gnu-libstdc++/4.9/include/backward    -o CMakeFiles/cmTryCompileExec72661732.dir/src.cxx.o -c E:/Urho3D/AndroidBuild/CMakeFiles/CMakeTmp/src.cxx</p>
<p>arm-linux-androideabi-g++.exe: error: CreateProcess: No such file or directory</p>
<p>make.exe[1]: *** [CMakeFiles/cmTryCompileExec72661732.dir/src.cxx.o] Error 1</p>
<p>make.exe[1]: Leaving directory `E:/Urho3D/AndroidBuild/CMakeFiles/CMakeTmp’</p>
<p>make.exe: *** [cmTryCompileExec72661732/fast] Error 2</p>
<p>Source file was:<br/>
__declspec(deprecated) int somefunc() { return 0; }<br/>
int main() { return somefunc();}</p>
          </div>
        </div>
      </div>

      <div class="post_container">
        <div class="avatar_container">
          <img src="../../../images/4_2.png" class="avatar" />
        </div>
        <div class="post">
          <div class="user_name">weitjong</div>
          <div class="post_content">
<p>I have not used NVPACK before. Can you verify “arm-linux-androideabi-g++.exe” can be found using your current configured path. Try executing “arm-linux-androideabi-g++.exe --version” in a cmd shell. Rightfully, I think it should be found in the “D:\NVPACK\android-ndk-r10d\toolchains\arm-linux-androideabi-4.9\prebuilt\windows-x86_64\bin” in your case. But I am not sure why it does not work for you as you have that path added to your PATH environment variable already. There are two logical plausible explanations:</p>
<ol>
<li>NVPACK is not installed correctly. Try to reinstall it or try to use Google Android NDK.</li>
<li>You have configured your PATH environment variable wrongly. Sometimes it is the obvious that causes the problem.</li>
</ol>
          </div>
        </div>
      </div>

      <div class="post_container">
        <div class="avatar_container">
          <img src="../../../images/{size}.png" class="avatar" />
        </div>
        <div class="post">
          <div class="user_name">hsl9999</div>
          <div class="post_content">
<p>to weitjong:<br/>
You are right,NVPACK is not installed correctly.thanks.</p>
          </div>
        </div>
      </div>


    </div>
  </body>
</html>