<!DOCTYPE html>
<html>
  <head>
    <meta charset="utf-8" />
    <meta name="viewport" content="width=device-width">
    <title>Build urho3d source on windows 10 - cmake - &ldquo;Error in configuration process, project files may be invalid&rdquo;</title>
    <link rel="stylesheet" href="../../../archived.css" />
    <script type="text/x-mathjax-config">
      MathJax.Hub.Config({tex2jax: {inlineMath: [['$','$'], ['\\\\(','\\\\)']]}});
    </script>
    <script type="text/javascript" async
      src="https://cdnjs.cloudflare.com/ajax/libs/mathjax/2.7.1/MathJax.js?config=TeX-MML-AM_CHTML">
    </script>
  </head>

  <body>
    <header class="header">
      <div class="title-span">
        <a href="../../../">
          <img src="../../../images/site-logo.png" height="40" alt="Urho3D" id="site-logo" />
        </a>
      </div>
    </header>

    <div class="main">
    <div class="archive-span">Archive 17/01/2023.</div>
    <h1 class="topic-title">Build urho3d source on windows 10 - cmake - &ldquo;Error in configuration process, project files may be invalid&rdquo;</h1>
            <div class="post_container">
        <div class="avatar_container">
          <img src="../../../images/{size}.png" class="avatar" />
        </div>
        <div class="post">
          <div class="user_name">ToolmakerSteve</div>
          <div class="post_content">
<p>I am following instructions at <a class="inline-onebox"  rel="noopener nofollow ugc">Setting up Urho3D on Windows with Visual Studio · urho3d/Urho3D Wiki · GitHub</a>.</p>
<p>downloaded current <a href="http://cmake.org" rel="noopener nofollow ugc">cmake.org</a>.<br/>
run cmake-gui.exe<br/>
Where is source code: selected root folder of local repo, “C:\gh\Urho3D”.<br/>
Where to build binaries: selected a new folder I made, “C:\gh\Urho3D_build”<br/>
“Configure”<br/>
Specify generator: Visual Studio 16 2019<br/>
everything else default (use default native compilers)<br/>
Finish</p>
<p>result is</p>
<blockquote>
<p>“Error in configuration process, project files may be invalid”</p>
</blockquote>
<p>Also adds an entry (in red):</p>
<blockquote>
<p>CMAKE_CONFIGURATION_TYPES   Debug;Release;MinSizeRel;RelWithDebInfo</p>
</blockquote>
<hr/>
<p>Configuring incomplete, errors occurred!</p>
<p>See also “C:/gh/Urho3D/_build/CMakeFiles/CMakeOutput.log”.</p>
<p>CMakeOutput.log:</p>
<blockquote>
<p>The system is: Windows - 10.0.19043 - AMD64</p>
</blockquote>
<hr/>
<p>I don’t know how to proceed.</p>
<ul>
<li>For source, should I instead select some subfolder?</li>
<li>What else could be wrong?</li>
</ul>
          </div>
        </div>
      </div>

      <div class="post_container">
        <div class="avatar_container">
          <img src="../../../images/{size}.png" class="avatar" />
        </div>
        <div class="post">
          <div class="user_name">SirNate0</div>
          <div class="post_content">
<p>Are there any other errors shown? It’s pretty unusual for it to only say that there was an error without saying more about what caused it.</p>
<p>You may want to try deleting the build tree, and using one of the cmake_*.bat files to create it.</p>
          </div>
        </div>
      </div>

      <div class="post_container">
        <div class="avatar_container">
          <img src="../../../images/{size}.png" class="avatar" />
        </div>
        <div class="post">
          <div class="user_name">ToolmakerSteve</div>
          <div class="post_content">
<p>I had never previously done any build - not even the “rake” one - because I have been accessing in C# via <a href="http://Urho.Net" rel="noopener nofollow ugc">Urho.Net</a>.</p>
<p>Just tried “rake build install”. It promptly told me that the version of Windows SDK this is configured for could not be found. Sure enough, I never installed the latest SDK (or at least never told VS 2019 how to find it).</p>
<p>I’ll go through the tutorial on building first project using rake. Then come back to this.</p>
          </div>
        </div>
      </div>

      <div class="post_container">
        <div class="avatar_container">
          <img src="../../../images/{size}.png" class="avatar" />
        </div>
        <div class="post">
          <div class="user_name">ToolmakerSteve</div>
          <div class="post_content">
<p>Fixed. Uninstalled cmake. Reinstalled. Noticed that default install options DON’T add cmake to path!</p>
<p>Chose the option that does. Rebooted. All good.</p>
          </div>
        </div>
      </div>

      <div class="post_container">
        <div class="avatar_container">
          <img src="../../../images/{size}.png" class="avatar" />
        </div>
        <div class="post">
          <div class="user_name">ToolmakerSteve</div>
          <div class="post_content">
<p>Though at the end it does say</p>
<blockquote>
<p>Could NOT find Doxygen (missing: DOXYGEN_EXECUTABLE)</p>
</blockquote>
<p>When is that needed?</p>
<hr/>
<p>Didn’t seem to cause problem. After that it shows:</p>
<blockquote>
<p>Configuring done<br/>
Generating done</p>
</blockquote>
          </div>
        </div>
      </div>

      <div class="post_container">
        <div class="avatar_container">
          <img src="../../../images/{size}.png" class="avatar" />
        </div>
        <div class="post">
          <div class="user_name">ToolmakerSteve</div>
          <div class="post_content">
<p>Just discovered there is also an error log. Don’t know if anything here is significant:</p>
<p>Performing C SOURCE FILE Test HAVE_XINPUT_GAMEPAD_EX failed with the following output:<br/>
Change Dir: C:/gh/Urho3D/_build/CMakeFiles/CMakeTmp</p>
<p>Run Build Command(s):C:/Program Files (x86)/Microsoft Visual Studio/2019/Enterprise/MSBuild/Current/Bin/MSBuild.exe cmTC_47fe5.vcxproj /p:Configuration=Debug /p:Platform=x64 /p:VisualStudioVersion=16.0 /v:m &amp;&amp; Microsoft (R) Build Engine version 16.11.1+3e40a09f8 for .NET Framework</p>
<p>Copyright (C) Microsoft Corporation. All rights reserved.</p>
<p>Microsoft (R) C/C++ Optimizing Compiler Version 19.29.30136 for x64</p>
<p>Copyright (C) Microsoft Corporation.  All rights reserved.</p>
<p>src.c</p>
<p>cl /c /Zi /W3 /WX- /diagnostics:column /Od /Ob0 /D _MBCS /D WIN32 /D _WINDOWS /D HAVE_XINPUT_GAMEPAD_EX /D “CMAKE_INTDIR=“Debug”” /Gm- /RTC1 /MDd /GS /fp:precise /Zc:wchar_t /Zc:forScope /Zc:inline /Fo"cmTC_47fe5.dir\Debug\" /Fd"cmTC_47fe5.dir\Debug\vc142.pdb" /external:W3 /Gd /TC /errorReport:queue C:\gh\Urho3D_build\CMakeFiles\CMakeTmp\src.c</p>
<p>C:\Program Files (x86)\Windows Kits\10\Include\10.0.22000.0\um\winnt.h(169,1): fatal error C1189: <span class="hashtag">#error:</span>  “No Target Architecture” [C:\gh\Urho3D_build\CMakeFiles\CMakeTmp\cmTC_47fe5.vcxproj]</p>
<p>Source file was:</p>
<p><span class="hashtag">#include</span> &lt;xinput.h&gt;</p>
<p>int main()<br/>
{<br/>
(void)sizeof(((XINPUT_GAMEPAD_EX *)0)-&gt;wButtons);<br/>
return 0;<br/>
}</p>
<p>Performing C SOURCE FILE Test HAVE_XINPUT_STATE_EX failed with the following output:<br/>
Change Dir: C:/gh/Urho3D/_build/CMakeFiles/CMakeTmp</p>
<p>Run Build Command(s):C:/Program Files (x86)/Microsoft Visual Studio/2019/Enterprise/MSBuild/Current/Bin/MSBuild.exe cmTC_2d217.vcxproj /p:Configuration=Debug /p:Platform=x64 /p:VisualStudioVersion=16.0 /v:m &amp;&amp; Microsoft (R) Build Engine version 16.11.1+3e40a09f8 for .NET Framework</p>
<p>Copyright (C) Microsoft Corporation. All rights reserved.</p>
<p>Microsoft (R) C/C++ Optimizing Compiler Version 19.29.30136 for x64</p>
<p>Copyright (C) Microsoft Corporation.  All rights reserved.</p>
<p>src.c</p>
<p>cl /c /Zi /W3 /WX- /diagnostics:column /Od /Ob0 /D _MBCS /D WIN32 /D _WINDOWS /D HAVE_XINPUT_STATE_EX /D “CMAKE_INTDIR=“Debug”” /Gm- /RTC1 /MDd /GS /fp:precise /Zc:wchar_t /Zc:forScope /Zc:inline /Fo"cmTC_2d217.dir\Debug\" /Fd"cmTC_2d217.dir\Debug\vc142.pdb" /external:W3 /Gd /TC /errorReport:queue C:\gh\Urho3D_build\CMakeFiles\CMakeTmp\src.c</p>
<p>C:\Program Files (x86)\Windows Kits\10\Include\10.0.22000.0\um\winnt.h(169,1): fatal error C1189: <span class="hashtag">#error:</span>  “No Target Architecture” [C:\gh\Urho3D_build\CMakeFiles\CMakeTmp\cmTC_2d217.vcxproj]</p>
<p>Source file was:</p>
<p><span class="hashtag">#include</span> &lt;xinput.h&gt;</p>
<p>int main()<br/>
{<br/>
(void)sizeof(((XINPUT_STATE_EX *)0)-&gt;dwPacketNumber);<br/>
return 0;<br/>
}</p>
<p>Determining if the function __sincosf exists failed with the following output:<br/>
Change Dir: C:/gh/Urho3D/_build/CMakeFiles/CMakeTmp</p>
<p>Run Build Command(s):C:/Program Files (x86)/Microsoft Visual Studio/2019/Enterprise/MSBuild/Current/Bin/MSBuild.exe cmTC_07f7f.vcxproj /p:Configuration=Debug /p:Platform=x64 /p:VisualStudioVersion=16.0 /v:m &amp;&amp; Microsoft (R) Build Engine version 16.11.1+3e40a09f8 for .NET Framework</p>
<p>Copyright (C) Microsoft Corporation. All rights reserved.</p>
<p>Microsoft (R) C/C++ Optimizing Compiler Version 19.29.30136 for x64</p>
<p>Copyright (C) Microsoft Corporation.  All rights reserved.</p>
<p>CheckFunctionExists.c</p>
<p>cl /c /Zi /W3 /WX- /diagnostics:column /MP /Od /Ob0 /D _MBCS /D WIN32 /D _WINDOWS /D CHECK_FUNCTION_EXISTS=__sincosf /D “CMAKE_INTDIR=“Debug”” /Gm- /RTC1 /MDd /GS /fp:precise /Zc:wchar_t /Zc:forScope /Zc:inline /Fo"cmTC_07f7f.dir\Debug\" /Fd"cmTC_07f7f.dir\Debug\vc142.pdb" /external:W3 /Gd /TC /errorReport:queue “C:\Program Files\CMake\share\cmake-3.22\Modules\CheckFunctionExists.c”</p>
<p>CheckFunctionExists.obj : error LNK2019: unresolved external symbol __sincosf referenced in function main [C:\gh\Urho3D_build\CMakeFiles\CMakeTmp\cmTC_07f7f.vcxproj]</p>
<p>C:\gh\Urho3D_build\CMakeFiles\CMakeTmp\Debug\cmTC_07f7f.exe : fatal error LNK1120: 1 unresolved externals [C:\gh\Urho3D_build\CMakeFiles\CMakeTmp\cmTC_07f7f.vcxproj]</p>
<p>Determining if the function malloc_usable_size exists failed with the following output:<br/>
Change Dir: C:/gh/Urho3D/_build/CMakeFiles/CMakeTmp</p>
<p>Run Build Command(s):C:/Program Files (x86)/Microsoft Visual Studio/2019/Enterprise/MSBuild/Current/Bin/MSBuild.exe cmTC_6b07f.vcxproj /p:Configuration=Debug /p:Platform=x64 /p:VisualStudioVersion=16.0 /v:m &amp;&amp; Microsoft (R) Build Engine version 16.11.1+3e40a09f8 for .NET Framework</p>
<p>Copyright (C) Microsoft Corporation. All rights reserved.</p>
<p>Microsoft (R) C/C++ Optimizing Compiler Version 19.29.30136 for x64</p>
<p>Copyright (C) Microsoft Corporation.  All rights reserved.</p>
<p>CheckFunctionExists.c</p>
<p>cl /c /Zi /W3 /WX- /diagnostics:column /MP /Od /Ob0 /D _MBCS /D WIN32 /D _WINDOWS /D CHECK_FUNCTION_EXISTS=malloc_usable_size /D “CMAKE_INTDIR=“Debug”” /Gm- /RTC1 /MDd /GS /fp:precise /Zc:wchar_t /Zc:forScope /Zc:inline /Fo"cmTC_6b07f.dir\Debug\" /Fd"cmTC_6b07f.dir\Debug\vc142.pdb" /external:W3 /Gd /TC /errorReport:queue “C:\Program Files\CMake\share\cmake-3.22\Modules\CheckFunctionExists.c”</p>
<p>CheckFunctionExists.obj : error LNK2019: unresolved external symbol malloc_usable_size referenced in function main [C:\gh\Urho3D_build\CMakeFiles\CMakeTmp\cmTC_6b07f.vcxproj]</p>
<p>C:\gh\Urho3D_build\CMakeFiles\CMakeTmp\Debug\cmTC_6b07f.exe : fatal error LNK1120: 1 unresolved externals [C:\gh\Urho3D_build\CMakeFiles\CMakeTmp\cmTC_6b07f.vcxproj]</p>
<p>Determining if the function sincosf exists in the m failed with the following output:<br/>
Change Dir: C:/gh/Urho3D/_build/CMakeFiles/CMakeTmp</p>
<p>Run Build Command(s):C:/Program Files (x86)/Microsoft Visual Studio/2019/Enterprise/MSBuild/Current/Bin/MSBuild.exe cmTC_5c861.vcxproj /p:Configuration=Debug /p:Platform=x64 /p:VisualStudioVersion=16.0 /v:m &amp;&amp; Microsoft (R) Build Engine version 16.11.1+3e40a09f8 for .NET Framework</p>
<p>Copyright (C) Microsoft Corporation. All rights reserved.</p>
<p>Microsoft (R) C/C++ Optimizing Compiler Version 19.29.30136 for x64</p>
<p>Copyright (C) Microsoft Corporation.  All rights reserved.</p>
<p>CheckFunctionExists.c</p>
<p>cl /c /Zi /W3 /WX- /diagnostics:column /MP /Od /Ob0 /D _MBCS /D WIN32 /D _WINDOWS /D CHECK_FUNCTION_EXISTS=sincosf /D “CMAKE_INTDIR=“Debug”” /Gm- /RTC1 /MDd /GS /fp:precise /Zc:wchar_t /Zc:forScope /Zc:inline /Fo"cmTC_5c861.dir\Debug\" /Fd"cmTC_5c861.dir\Debug\vc142.pdb" /external:W3 /Gd /TC /errorReport:queue “C:\Program Files\CMake\share\cmake-3.22\Modules\CheckFunctionExists.c”</p>
<p>LINK : fatal error LNK1104: cannot open file ‘m.lib’ [C:\gh\Urho3D_build\CMakeFiles\CMakeTmp\cmTC_5c861.vcxproj]</p>
<p>Checking whether the ASM_MASM compiler is GNU using “–version” did not match “(GNU assembler)|(GCC)|(Free Software Foundation)”:<br/>
Microsoft (R) Macro Assembler (x64) Version 14.29.30136.0<br/>
Copyright (C) Microsoft Corporation.  All rights reserved.</p>
<p>MASM : warning A4018:invalid command-line option : --version<br/>
MASM : fatal error A1017:missing source filename<br/>
Checking whether the ASM_MASM compiler is Clang using “–version” did not match “(clang version)”:<br/>
Microsoft (R) Macro Assembler (x64) Version 14.29.30136.0<br/>
Copyright (C) Microsoft Corporation.  All rights reserved.</p>
<p>MASM : warning A4018:invalid command-line option : --version<br/>
MASM : fatal error A1017:missing source filename<br/>
Checking whether the ASM_MASM compiler is AppleClang using “–version” did not match “(Apple LLVM version)”:<br/>
Microsoft (R) Macro Assembler (x64) Version 14.29.30136.0<br/>
Copyright (C) Microsoft Corporation.  All rights reserved.</p>
<p>MASM : warning A4018:invalid command-line option : --version<br/>
MASM : fatal error A1017:missing source filename<br/>
Checking whether the ASM_MASM compiler is ARMClang using “–version” did not match “armclang”:<br/>
Microsoft (R) Macro Assembler (x64) Version 14.29.30136.0<br/>
Copyright (C) Microsoft Corporation.  All rights reserved.</p>
<p>MASM : warning A4018:invalid command-line option : --version<br/>
MASM : fatal error A1017:missing source filename<br/>
Checking whether the ASM_MASM compiler is HP using “-V” did not match “HP C”:<br/>
Microsoft (R) Macro Assembler (x64) Version 14.29.30136.0<br/>
Copyright (C) Microsoft Corporation.  All rights reserved.</p>
<p>MASM : warning A4018:invalid command-line option : -V<br/>
MASM : fatal error A1017:missing source filename<br/>
Checking whether the ASM_MASM compiler is Intel using “–version” did not match “(ICC)”:<br/>
Microsoft (R) Macro Assembler (x64) Version 14.29.30136.0<br/>
Copyright (C) Microsoft Corporation.  All rights reserved.</p>
<p>MASM : warning A4018:invalid command-line option : --version<br/>
MASM : fatal error A1017:missing source filename<br/>
Checking whether the ASM_MASM compiler is IntelLLVM using “–version” did not match “(Intel[^<br/>
]+oneAPI)”:<br/>
Microsoft (R) Macro Assembler (x64) Version 14.29.30136.0<br/>
Copyright (C) Microsoft Corporation.  All rights reserved.</p>
<p>MASM : warning A4018:invalid command-line option : --version<br/>
MASM : fatal error A1017:missing source filename<br/>
Checking whether the ASM_MASM compiler is SunPro using “-V” did not match “Sun C”:<br/>
Microsoft (R) Macro Assembler (x64) Version 14.29.30136.0<br/>
Copyright (C) Microsoft Corporation.  All rights reserved.</p>
<p>MASM : warning A4018:invalid command-line option : -V<br/>
MASM : fatal error A1017:missing source filename<br/>
Checking whether the ASM_MASM compiler is XL using “-qversion” did not match “XL C”:<br/>
Microsoft (R) Macro Assembler (x64) Version 14.29.30136.0<br/>
Copyright (C) Microsoft Corporation.  All rights reserved.</p>
<p>MASM : warning A4018:invalid command-line option : -qversion<br/>
MASM : fatal error A1017:missing source filename<br/>
Determining if the _TIMESPEC_DEFINED exist failed with the following output:<br/>
Change Dir: C:/gh/Urho3D/_build/CMakeFiles/CMakeTmp</p>
<p>Run Build Command(s):C:/Program Files (x86)/Microsoft Visual Studio/2019/Enterprise/MSBuild/Current/Bin/MSBuild.exe cmTC_199c4.vcxproj /p:Configuration=Debug /p:Platform=x64 /p:VisualStudioVersion=16.0 /v:m &amp;&amp; Microsoft (R) Build Engine version 16.11.1+3e40a09f8 for .NET Framework</p>
<p>Copyright (C) Microsoft Corporation. All rights reserved.</p>
<p>Microsoft (R) C/C++ Optimizing Compiler Version 19.29.30136 for x64</p>
<p>Copyright (C) Microsoft Corporation.  All rights reserved.</p>
<p>CheckSymbolExists.c</p>
<p>cl /c /Zi /W3 /WX- /diagnostics:column /MP /Od /Ob0 /D _MBCS /D WIN32 /D _WINDOWS /D “CMAKE_INTDIR=“Debug”” /Gm- /RTC1 /MDd /GS /fp:precise /Zc:wchar_t /Zc:forScope /Zc:inline /Fo"cmTC_199c4.dir\Debug\" /Fd"cmTC_199c4.dir\Debug\vc142.pdb" /external:W3 /Gd /TC /errorReport:queue C:\gh\Urho3D_build\CMakeFiles\CMakeTmp\CheckSymbolExists.c</p>
<p>C:\gh\Urho3D_build\CMakeFiles\CMakeTmp\CheckSymbolExists.c(8,36): error C2065: ‘_TIMESPEC_DEFINED’: undeclared identifier [C:\gh\Urho3D_build\CMakeFiles\CMakeTmp\cmTC_199c4.vcxproj]</p>
<p>File C:/gh/Urho3D/_build/CMakeFiles/CMakeTmp/CheckSymbolExists.c:<br/>
/* */<br/>
<span class="hashtag">#include</span> &lt;time.h&gt;</p>
<p>int main(int argc, char** argv)<br/>
{<br/>
(void)argv;<br/>
<span class="hashtag">#ifndef</span> _TIMESPEC_DEFINED<br/>
return ((int*)(&amp;_TIMESPEC_DEFINED))[argc];<br/>
<span class="hashtag">#else</span><br/>
(void)argc;<br/>
return 0;<br/>
<span class="hashtag">#endif</span><br/>
}<br/>
Performing C++ SOURCE FILE Test INET_FUNCTIONS_EXISTS_1 failed with the following output:<br/>
Change Dir: C:/gh/Urho3D/_build/CMakeFiles/CMakeTmp</p>
<p>Run Build Command(s):C:/Program Files (x86)/Microsoft Visual Studio/2019/Enterprise/MSBuild/Current/Bin/MSBuild.exe cmTC_5bb0f.vcxproj /p:Configuration=Debug /p:Platform=x64 /p:VisualStudioVersion=16.0 /v:m &amp;&amp; Microsoft (R) Build Engine version 16.11.1+3e40a09f8 for .NET Framework</p>
<p>Copyright (C) Microsoft Corporation. All rights reserved.</p>
<p>Microsoft (R) C/C++ Optimizing Compiler Version 19.29.30136 for x64</p>
<p>Copyright (C) Microsoft Corporation.  All rights reserved.</p>
<p>src.cxx</p>
<p>cl /c /Zi /W3 /WX- /diagnostics:column /MP /Od /Ob0 /D _MBCS /D WIN32 /D _WINDOWS /D INET_FUNCTIONS_EXISTS_1 /D “CMAKE_INTDIR=“Debug”” /Gm- /EHsc /RTC1 /MDd /GS /fp:precise /Zc:wchar_t /Zc:forScope /Zc:inline /GR /Fo"cmTC_5bb0f.dir\Debug\" /Fd"cmTC_5bb0f.dir\Debug\vc142.pdb" /external:W3 /Gd /TP /errorReport:queue C:\gh\Urho3D_build\CMakeFiles\CMakeTmp\src.cxx</p>
<p>C:\gh\Urho3D_build\CMakeFiles\CMakeTmp\src.cxx(2,10): fatal error C1083: Cannot open include file: ‘sys/socket.h’: No such file or directory [C:\gh\Urho3D_build\CMakeFiles\CMakeTmp\cmTC_5bb0f.vcxproj]</p>
<p>Source file was:<br/>
<span class="hashtag">#include</span> &lt;sys/types.h&gt;<br/>
<span class="hashtag">#include</span> &lt;sys/socket.h&gt;<br/>
<span class="hashtag">#include</span> &lt;netinet/in.h&gt;<br/>
<span class="hashtag">#include</span> &lt;arpa/inet.h&gt;<br/>
int main() {<br/>
struct sockaddr_in sa;<br/>
char str[INET_ADDRSTRLEN];<br/>
inet_pton(AF_INET, “192.0.2.33”, &amp;(sa.sin_addr));<br/>
inet_ntop(AF_INET, &amp;(sa.sin_addr), str, INET_ADDRSTRLEN);<br/>
}<br/>
Performing C++ SOURCE FILE Test COMPILER_HAS_DEPRECATED_ATTR failed with the following output:<br/>
Change Dir: C:/gh/Urho3D/_build/CMakeFiles/CMakeTmp</p>
<p>Run Build Command(s):C:/Program Files (x86)/Microsoft Visual Studio/2019/Enterprise/MSBuild/Current/Bin/MSBuild.exe cmTC_64fa9.vcxproj /p:Configuration=Debug /p:Platform=x64 /p:VisualStudioVersion=16.0 /v:m &amp;&amp; Microsoft (R) Build Engine version 16.11.1+3e40a09f8 for .NET Framework</p>
<p>Copyright (C) Microsoft Corporation. All rights reserved.</p>
<p>Microsoft (R) C/C++ Optimizing Compiler Version 19.29.30136 for x64</p>
<p>Copyright (C) Microsoft Corporation.  All rights reserved.</p>
<p>src.cxx</p>
<p>cl /c /Zi /W3 /WX- /diagnostics:column /MP /Od /Ob0 /D _MBCS /D WIN32 /D _WINDOWS /D COMPILER_HAS_DEPRECATED_ATTR /D “CMAKE_INTDIR=“Debug”” /Gm- /EHsc /RTC1 /MDd /GS /fp:precise /Zc:wchar_t /Zc:forScope /Zc:inline /GR /Fo"cmTC_64fa9.dir\Debug\" /Fd"cmTC_64fa9.dir\Debug\vc142.pdb" /external:W3 /Gd /TP /errorReport:queue  /bigobj C:\gh\Urho3D_build\CMakeFiles\CMakeTmp\src.cxx</p>
<p>C:\gh\Urho3D_build\CMakeFiles\CMakeTmp\src.cxx(1,16): error C2065: ‘<strong>deprecated</strong>’: undeclared identifier [C:\gh\Urho3D_build\CMakeFiles\CMakeTmp\cmTC_64fa9.vcxproj]</p>
<p>C:\gh\Urho3D_build\CMakeFiles\CMakeTmp\src.cxx(1,31): error C4430: missing type specifier - int assumed. Note: C++ does not support default-int [C:\gh\Urho3D_build\CMakeFiles\CMakeTmp\cmTC_64fa9.vcxproj]</p>
<p>C:\gh\Urho3D_build\CMakeFiles\CMakeTmp\src.cxx(1,33): error C2062: type ‘int’ unexpected [C:\gh\Urho3D_build\CMakeFiles\CMakeTmp\cmTC_64fa9.vcxproj]</p>
<p>C:\gh\Urho3D_build\CMakeFiles\CMakeTmp\src.cxx(1,48): error C2143: syntax error: missing ‘;’ before ‘{’ [C:\gh\Urho3D_build\CMakeFiles\CMakeTmp\cmTC_64fa9.vcxproj]</p>
<p>C:\gh\Urho3D_build\CMakeFiles\CMakeTmp\src.cxx(1,48): error C2447: ‘{’: missing function header (old-style formal list?) [C:\gh\Urho3D_build\CMakeFiles\CMakeTmp\cmTC_64fa9.vcxproj]</p>
<p>C:\gh\Urho3D_build\CMakeFiles\CMakeTmp\src.cxx(2,25): error C3861: ‘somefunc’: identifier not found [C:\gh\Urho3D_build\CMakeFiles\CMakeTmp\cmTC_64fa9.vcxproj]</p>
<p>Source file was:<br/>
<strong>attribute</strong>((<strong>deprecated</strong>)) int somefunc() { return 0; }<br/>
int main() { return somefunc();}</p>
          </div>
        </div>
      </div>

      <div class="post_container">
        <div class="avatar_container">
          <img src="../../../images/{size}.png" class="avatar" />
        </div>
        <div class="post">
          <div class="user_name">SirNate0</div>
          <div class="post_content">
<aside class="quote no-group quote-modified" data-post="5" data-topic="7080" data-username="ToolmakerSteve">
<div class="title">
<div class="quote-controls"></div>
<img alt="" class="avatar" height="20" src="../../../images2/75417f87f7895972fe4e9d1735f0c286.png" width="20"/> ToolmakerSteve:</div>
<blockquote>
<blockquote>
<p>Could NOT find Doxygen (missing: DOXYGEN_EXECUTABLE)</p>
</blockquote>
<p>When is that needed?</p>
</blockquote>
</aside>
<p>Doxygen is used to build the documentation. If you don’t need a local copy of it then you can ignore that.</p>
<p>I’m not sure about the other errors, but if it generated and built successfully I wouldn’t worry about them.</p>
          </div>
        </div>
      </div>

      <div class="post_container">
        <div class="avatar_container">
          <img src="../../../images/96_2.png" class="avatar" />
        </div>
        <div class="post">
          <div class="user_name">JTippetts1</div>
          <div class="post_content">
<p>When CMake performs its configure step, it checks for the presence/absence of a large number of various capabilities. For many of the checks, it does this by attempting to compile/build a tiny program that uses that capability, and a failure of the test to build means that feature is not present or not supported. This is not a failure of your build process, it is just a failed check for that capability. Depending on your build platform and the presence or absence of various modules and installed tools, your project might generate many such failures. They are not meaningful to you, and do not mean that your project failed to build. All of those errors are logged to the error log, but you could pretty much live out your entire allotted span of days on this earth without caring even the slightest bit about what is actually in that error log, as long as the project itself tells you “Configuring done. Generating done.”</p>
<p>Doxygen is an optional tool that is used to generate the automatic API docs. If you have no need of generating those you have no need of Doxygen, and it is not an error if it can’t find it. The API docs are online and readily available, but if for some reason you can’t or won’t be online but still want access to the API documentation, you can install Doxygen and it will build a local copy of the docs for you.</p>
          </div>
        </div>
      </div>


    </div>
  </body>
</html>